     1                                  ; alive.asm
     2                                  BITS 64:
     3                                  section .data
     4 00000000 48656C6C6F2C20576F-     	msg1	db	"Hello, World!",10,0	; string with NL and 0
     4 00000009 726C64210A00       
     5                                  	msg1Len	equ	$-msg1-1			; measure the length, minus the 0
     6 0000000F 416C69766520616E64-     	msg2	db	"Alive and Kicking!",10,0	; string with NL and 0
     6 00000018 204B69636B696E6721-
     6 00000021 0A00               
     7                                  	msg2Len	equ	$-msg2-1		; measure the length, minus the 0
     8 00000023 6501000000000000        	radius	dq	357			; no string, not displayable?
     9 0000002B 1F85EB51B81E0940        	pi		dq	3.14			; no string, not displayable?
    10                                  section .bss
    11                                  section .text
    12                                  	global main
    13                                  main:
    14                                      ;push 	rbp				; function prologue
    15                                      ;mov 	rbp,rsp			; function prologue
    16 00000000 B801000000                  mov		rax, 1		; 1 = write
    17 00000005 BF01000000                  mov		rdi, 1		; 1 = to stdout
    18 0000000A 48BE-                       mov		rsi, msg1		; string to display
    18 0000000C [0000000000000000] 
    19 00000014 BA0E000000                  mov		rdx, msg1Len	; length of the string
    20 00000019 0F05                        syscall				; display the string
    21 0000001B B801000000                  mov		rax, 1		; 1 = write
    22 00000020 BF01000000                  mov		rdi, 1		; 1 = to stdout
    23 00000025 48BE-                       mov		rsi, msg2		; string to display
    23 00000027 [0F00000000000000] 
    24 0000002F BA13000000                  mov		rdx, msg2Len	; length of the string
    25 00000034 0F05                        syscall				; display the string
    26 00000036 4889EC                  	mov 	rsp,rbp			; function epilogue
    27 00000039 5D                      	pop 	rbp				; function epilogue
    28 0000003A B83C000000                  mov		rax, 60		; 60 = exit
    29 0000003F BF00000000                  mov		rdi, 0		; 0 = success exit code
    30 00000044 0F05                        syscall				; quit
