     1                                  ; cmdline.asm
     2                                  section .data
     3 00000000 0A00                        NL	  db	10,0
     4 00000002 54686520636F6D6D61-         msg     db "The command and arguments: ",10,0
     4 0000000B 6E6420616E64206172-
     4 00000014 67756D656E74733A20-
     4 0000001D 0A00               
     5                                  section .bss
     6                                  section .text
     7                                  	global main
     8                                  main:
     9 00000000 55                      push rbp
    10 00000001 4889E5                  mov rbp,rsp
    11 00000004 4989FC                      mov r12, rdi ;rdi contains number of arguments
    12 00000007 4989F5                      mov r13, rsi ;rsi contains the address to the array of arguments
    13                                  
    14                                  printArguments:
    15 0000000A 48BF-                       mov rdi, msg
    15 0000000C [0200000000000000] 
    16 00000014 E828000000                  call printString
    17 00000019 BB00000000                  mov rbx, 0 
    18                                  printLoop:
    19 0000001E 498B7CDD00                  mov rdi, qword [r13+rbx*8] 
    20 00000023 E819000000                  call printString
    21 00000028 48BF-                       mov rdi, NL 
    21 0000002A [0000000000000000] 
    22 00000032 E80A000000                  call printString
    23 00000037 48FFC3                      inc rbx
    24 0000003A 4C39E3                      cmp rbx, r12 
    25 0000003D 7CDF                        jl printLoop
    26 0000003F C9                      leave
    27 00000040 C3                      ret
    28                                  
    29                                  
    30                                  global printString
    31                                  printString:
    32 00000041 53                          push rbx
    33 00000042 50                          push rax
    34 00000043 4154                        push r12
    35                                  ; Count characters 
    36 00000045 4989FC                      mov r12, rdi
    37 00000048 BA00000000                  mov rdx, 0 
    38                                  strLoop:
    39 0000004D 41803C2400                  cmp byte [r12], 0
    40 00000052 7408                        je strDone
    41 00000054 48FFC2                      inc rdx                 ;length in rdx
    42 00000057 49FFC4                      inc r12
    43 0000005A EBF1                        jmp strLoop
    44                                  strDone:
    45 0000005C 4883FA00                    cmp rdx, 0              ; no string (0 length)
    46 00000060 740F                        je prtDone
    47 00000062 4889FE                      mov rsi,rdi
    48 00000065 B801000000                  mov rax, 1 
    49 0000006A BF01000000                  mov rdi, 1
    50 0000006F 0F05                        syscall
    51                                  prtDone:
    52 00000071 415C                        pop r12
    53 00000073 58                          pop rax
    54 00000074 5B                          pop rbx
    55 00000075 C3                          ret
