     1                                  ; alive2.asm
     2                                  BITS 64;
     3                                  section .data
     4 00000000 48656C6C6F2C20576F-         msg1    db      "Hello, World!",0
     4 00000009 726C642100         
     5 0000000E 416C69766520616E64-         msg2    db      "Alive and Kicking!",0
     5 00000017 204B69636B696E6721-
     5 00000020 00                 
     6 00000021 65010000                    radius  dd      357
     7 00000025 1F85EB51B81E0940            pi      dq      3.14
     8 0000002D 25730A00                    fmtstr  db      "%s",10,0 ;format for printing a string
     9 00000031 256C660A00                  fmtflt  db      "%lf",10,0 ;format for a float
    10 00000036 25640A00                    fmtint  db      "%d",10,0 ;format for an integer 
    11                                  section .bss
    12                                  section .text
    13                                  extern  printf
    14                                      global main
    15                                  main:
    16 00000000 55                          push    rbp
    17 00000001 4889E5                      mov     rbp,rsp
    18                                  ; print msg1     
    19 00000004 B800000000                  mov     rax, 0          ; no floating point
    20 00000009 48BF-                       mov     rdi, fmtstr
    20 0000000B [2D00000000000000] 
    21 00000013 48BE-                       mov     rsi, msg1
    21 00000015 [0000000000000000] 
    22 0000001D E8(00000000)                call    printf
    23                                  ; print msg2
    24 00000022 B800000000                  mov     rax, 0          ; no floating point          
    25 00000027 48BF-                       mov     rdi, fmtstr
    25 00000029 [2D00000000000000] 
    26 00000031 48BE-                       mov     rsi, msg2
    26 00000033 [0E00000000000000] 
    27 0000003B E8(00000000)                call    printf
    28                                  ; print radius
    29 00000040 B800000000                  mov     rax, 0          ; no floating point
    30 00000045 48BF-                       mov     rdi, fmtint
    30 00000047 [3600000000000000] 
    31 0000004F 488B3425[21000000]          mov     rsi, [radius]
    32 00000057 E8(00000000)                call    printf
    33                                  ; print pi
    34 0000005C B801000000                  mov     rax, 1          ; 1 xmm register used
    35 00000061 F30F7E0425-                 movq    xmm0, [pi]
    35 00000066 [25000000]         
    36 0000006A 48BF-                       mov     rdi, fmtflt
    36 0000006C [3100000000000000] 
    37 00000074 E8(00000000)                call    printf
    38 00000079 4889EC                      mov     rsp,rbp
    39 0000007C 5D                          pop     rbp
    40 0000007D C3                          ret
